\BOOKMARK [0][-]{chapter*.2}{\376\377\000A\000b\000b\000i\000l\000d\000u\000n\000g\000s\000v\000e\000r\000z\000e\000i\000c\000h\000n\000i\000s}{}% 1
\BOOKMARK [0][-]{chapter*.3}{\376\377\000T\000a\000b\000e\000l\000l\000e\000n\000v\000e\000r\000z\000e\000i\000c\000h\000n\000i\000s}{}% 2
\BOOKMARK [0][-]{chapter.1}{\376\377\000E\000i\000n\000l\000e\000i\000t\000u\000n\000g}{}% 3
\BOOKMARK [1][-]{section.1.1}{\376\377\000M\000o\000t\000i\000v\000a\000t\000i\000o\000n\000\040\000u\000n\000d\000\040\000H\000i\000n\000t\000e\000r\000g\000r\000u\000n\000d}{chapter.1}% 4
\BOOKMARK [1][-]{section.1.2}{\376\377\000Z\000i\000e\000l\000\040\000u\000n\000d\000\040\000A\000u\000f\000b\000a\000u\000\040\000d\000e\000r\000\040\000D\000o\000k\000u\000m\000e\000n\000t\000a\000t\000i\000o\000n}{chapter.1}% 5
\BOOKMARK [1][-]{section.1.3}{\376\377\000V\000e\000r\000w\000e\000n\000d\000e\000t\000e\000r\000\040\000D\000a\000t\000e\000n\000s\000a\000t\000z}{chapter.1}% 6
\BOOKMARK [0][-]{chapter.2}{\376\377\000M\000a\000t\000h\000e\000m\000a\000t\000i\000s\000c\000h\000e\000\040\000G\000r\000u\000n\000d\000l\000a\000g\000e\000n\000\040\000d\000e\000r\000\040\000R\000e\000g\000r\000e\000s\000s\000i\000o\000n}{}% 7
\BOOKMARK [1][-]{section.2.1}{\376\377\000W\000a\000s\000\040\000i\000s\000t\000\040\000R\000e\000g\000r\000e\000s\000s\000i\000o\000n\000?}{chapter.2}% 8
\BOOKMARK [1][-]{section.2.2}{\376\377\000G\000\374\000t\000e\000k\000r\000i\000t\000e\000r\000i\000e\000n}{chapter.2}% 9
\BOOKMARK [2][-]{subsection.2.2.1}{\376\377\000M\000i\000t\000t\000l\000e\000r\000e\000r\000\040\000q\000u\000a\000d\000r\000a\000t\000i\000s\000c\000h\000e\000r\000\040\000F\000e\000h\000l\000e\000r\000\040\000\050\000M\000S\000E\000\051}{section.2.2}% 10
\BOOKMARK [2][-]{subsection.2.2.2}{\376\377\000M\000i\000t\000t\000l\000e\000r\000e\000r\000\040\000a\000b\000s\000o\000l\000u\000t\000e\000r\000\040\000F\000e\000h\000l\000e\000r\000\040\000\050\000M\000A\000E\000\051}{section.2.2}% 11
\BOOKMARK [2][-]{subsection.2.2.3}{\376\377\000W\000u\000r\000z\000e\000l\000\040\000d\000e\000s\000\040\000M\000S\000E\000\040\000\050\000R\000M\000S\000E\000\051}{section.2.2}% 12
\BOOKMARK [2][-]{subsection.2.2.4}{\376\377\000B\000e\000s\000t\000i\000m\000m\000t\000h\000e\000i\000t\000s\000m\000a\000\337\000\040\000R\0002}{section.2.2}% 13
\BOOKMARK [1][-]{section.2.3}{\376\377\000K\000r\000e\000u\000z\000v\000a\000l\000i\000d\000i\000e\000r\000u\000n\000g\000\040\000\050\000C\000r\000o\000s\000s\000-\000V\000a\000l\000i\000d\000a\000t\000i\000o\000n\000\051}{chapter.2}% 14
\BOOKMARK [2][-]{subsection.2.3.1}{\376\377\000k\000-\000f\000a\000c\000h\000e\000\040\000K\000r\000e\000u\000z\000v\000a\000l\000i\000d\000i\000e\000r\000u\000n\000g}{section.2.3}% 15
\BOOKMARK [2][-]{subsection.2.3.2}{\376\377\000L\000e\000a\000v\000e\000-\000O\000n\000e\000-\000O\000u\000t\000\040\000K\000r\000e\000u\000z\000v\000a\000l\000i\000d\000i\000e\000r\000u\000n\000g\000\040\000\050\000L\000O\000O\000C\000V\000\051}{section.2.3}% 16
\BOOKMARK [1][-]{section.2.4}{\376\377\000B\000i\000a\000s\000-\000V\000a\000r\000i\000a\000n\000z\000-\000D\000i\000l\000e\000m\000m\000a}{chapter.2}% 17
\BOOKMARK [1][-]{section.2.5}{\376\377\000N\000o\000r\000m\000i\000e\000r\000u\000n\000g\000\040\000u\000n\000d\000\040\000S\000k\000a\000l\000i\000e\000r\000u\000n\000g}{chapter.2}% 18
\BOOKMARK [0][-]{chapter.3}{\376\377\000L\000o\000k\000a\000l\000e\000\040\000M\000o\000d\000e\000l\000l\000n\000e\000t\000z\000e\000\040\040\023\000\040\000G\000r\000u\000n\000d\000l\000a\000g\000e\000n}{}% 19
\BOOKMARK [1][-]{section.3.1}{\376\377\000M\000o\000t\000i\000v\000a\000t\000i\000o\000n\000:\000\040\000S\000t\000\374\000c\000k\000w\000e\000i\000s\000e\000\040\000l\000i\000n\000e\000a\000r\000e\000\040\000A\000p\000p\000r\000o\000x\000i\000m\000a\000t\000i\000o\000n}{chapter.3}% 20
\BOOKMARK [1][-]{section.3.2}{\376\377\000M\000a\000t\000h\000e\000m\000a\000t\000i\000s\000c\000h\000e\000\040\000F\000o\000r\000m\000u\000l\000i\000e\000r\000u\000n\000g\000\040\000e\000i\000n\000e\000s\000\040\000L\000M\000N}{chapter.3}% 21
\BOOKMARK [2][-]{subsection.3.2.1}{\376\377\000P\000a\000r\000t\000i\000t\000i\000o\000n\000\040\000o\000f\000\040\000U\000n\000i\000t\000y}{section.3.2}% 22
\BOOKMARK [1][-]{section.3.3}{\376\377\000G\000\374\000l\000t\000i\000g\000k\000e\000i\000t\000s\000f\000u\000n\000k\000t\000i\000o\000n\000e\000n\000\040\000u\000n\000d\000\040\000S\000i\000g\000m\000o\000i\000d\000-\000S\000p\000l\000i\000t\000s}{chapter.3}% 23
\BOOKMARK [1][-]{section.3.4}{\376\377\000T\000r\000a\000i\000n\000i\000n\000g\000\040\000d\000e\000r\000\040\000l\000o\000k\000a\000l\000e\000n\000\040\000M\000o\000d\000e\000l\000l\000p\000a\000r\000a\000m\000e\000t\000e\000r}{chapter.3}% 24
\BOOKMARK [0][-]{chapter.4}{\376\377\000L\000O\000L\000I\000M\000O\000T\000\040\040\023\000\040\000L\000o\000c\000a\000l\000\040\000L\000i\000n\000e\000a\000r\000\040\000M\000o\000d\000e\000l\000\040\000T\000r\000e\000e}{}% 25
\BOOKMARK [1][-]{section.4.1}{\376\377\000E\000i\000n\000f\000\374\000h\000r\000u\000n\000g\000\040\000u\000n\000d\000\040\000h\000i\000s\000t\000o\000r\000i\000s\000c\000h\000e\000r\000\040\000H\000i\000n\000t\000e\000r\000g\000r\000u\000n\000d}{chapter.4}% 26
\BOOKMARK [1][-]{section.4.2}{\376\377\000G\000r\000u\000n\000d\000p\000r\000i\000n\000z\000i\000p\000:\000\040\000A\000c\000h\000s\000e\000n\000p\000a\000r\000a\000l\000l\000e\000l\000e\000\040\000S\000p\000l\000i\000t\000s}{chapter.4}% 27
\BOOKMARK [1][-]{section.4.3}{\376\377\000A\000l\000g\000o\000r\000i\000t\000h\000m\000u\000s\000:\000\040\000L\000O\000L\000I\000M\000O\000T\000\040\000T\000r\000e\000e\000\040\000G\000r\000o\000w\000i\000n\000g}{chapter.4}% 28
\BOOKMARK [1][-]{section.4.4}{\376\377\000S\000i\000g\000m\000o\000i\000d\000-\000G\000\374\000l\000t\000i\000g\000k\000e\000i\000t\000s\000f\000u\000n\000k\000t\000i\000o\000n\000e\000n\000\040\000u\000n\000d\000\040\000S\000m\000o\000o\000t\000h\000n\000e\000s\000s}{chapter.4}% 29
\BOOKMARK [1][-]{section.4.5}{\376\377\000B\000e\000z\000u\000g\000\040\000z\000u\000r\000\040\000M\000A\000T\000L\000A\000B\000\040\000L\000M\000N\000T\000o\000o\000l\000-\000T\000o\000o\000l\000b\000o\000x}{chapter.4}% 30
\BOOKMARK [1][-]{section.4.6}{\376\377\000H\000y\000p\000e\000r\000p\000a\000r\000a\000m\000e\000t\000e\000r\000\040\000v\000o\000n\000\040\000L\000O\000L\000I\000M\000O\000T}{chapter.4}% 31
\BOOKMARK [1][-]{section.4.7}{\376\377\000A\000n\000t\000w\000o\000r\000t\000f\000l\000\344\000c\000h\000e\000\040\000\050\000L\000O\000L\000I\000M\000O\000T\000\051}{chapter.4}% 32
\BOOKMARK [1][-]{section.4.8}{\376\377\000S\000t\000\344\000r\000k\000e\000n\000\040\000u\000n\000d\000\040\000S\000c\000h\000w\000\344\000c\000h\000e\000n\000\040\000v\000o\000n\000\040\000L\000O\000L\000I\000M\000O\000T}{chapter.4}% 33
\BOOKMARK [0][-]{chapter.5}{\376\377\000H\000I\000L\000O\000M\000O\000T\000\040\040\023\000\040\000H\000i\000e\000r\000a\000r\000c\000h\000i\000c\000a\000l\000\040\000L\000o\000c\000a\000l\000\040\000M\000o\000d\000e\000l\000\040\000T\000r\000e\000e}{}% 34
\BOOKMARK [1][-]{section.5.1}{\376\377\000E\000i\000n\000f\000\374\000h\000r\000u\000n\000g\000\040\000u\000n\000d\000\040\000M\000o\000t\000i\000v\000a\000t\000i\000o\000n}{chapter.5}% 35
\BOOKMARK [1][-]{section.5.2}{\376\377\000O\000b\000l\000i\000q\000u\000e\000\040\000S\000p\000l\000i\000t\000s\000:\000\040\000M\000a\000t\000h\000e\000m\000a\000t\000i\000s\000c\000h\000e\000\040\000G\000r\000u\000n\000d\000l\000a\000g\000e}{chapter.5}% 36
\BOOKMARK [1][-]{section.5.3}{\376\377\000B\000a\000u\000m\000s\000t\000r\000u\000k\000t\000u\000r}{chapter.5}% 37
\BOOKMARK [1][-]{section.5.4}{\376\377\000A\000l\000g\000o\000r\000i\000t\000h\000m\000u\000s\000:\000\040\000H\000I\000L\000O\000M\000O\000T\000\040\000T\000r\000e\000e\000\040\000G\000r\000o\000w\000i\000n\000g}{chapter.5}% 38
\BOOKMARK [1][-]{section.5.5}{\376\377\000D\000e\000m\000a\000n\000d\000e\000d\000\040\000M\000e\000m\000b\000e\000r\000s\000h\000i\000p\000\040\000V\000a\000l\000u\000e}{chapter.5}% 39
\BOOKMARK [1][-]{section.5.6}{\376\377\000V\000i\000s\000u\000a\000l\000i\000s\000i\000e\000r\000u\000n\000g\000e\000n\000:\000\040\000A\000n\000t\000w\000o\000r\000t\000f\000l\000\344\000c\000h\000e\000\040\000u\000n\000d\000\040\000P\000a\000r\000t\000i\000t\000i\000o\000n\000i\000e\000r\000u\000n\000g\000s\000k\000a\000r\000t\000e}{chapter.5}% 40
\BOOKMARK [1][-]{section.5.7}{\376\377\000H\000y\000p\000e\000r\000p\000a\000r\000a\000m\000e\000t\000e\000r\000\040\000v\000o\000n\000\040\000H\000I\000L\000O\000M\000O\000T}{chapter.5}% 41
\BOOKMARK [1][-]{section.5.8}{\376\377\000S\000t\000\344\000r\000k\000e\000n\000\040\000u\000n\000d\000\040\000S\000c\000h\000w\000\344\000c\000h\000e\000n\000\040\000v\000o\000n\000\040\000H\000I\000L\000O\000M\000O\000T}{chapter.5}% 42
\BOOKMARK [0][-]{chapter.6}{\376\377\000M\000L\000P\000\040\040\023\000\040\000M\000u\000l\000t\000i\000l\000a\000y\000e\000r\000\040\000P\000e\000r\000c\000e\000p\000t\000r\000o\000n}{}% 43
\BOOKMARK [1][-]{section.6.1}{\376\377\000E\000i\000n\000f\000\374\000h\000r\000u\000n\000g\000\040\000u\000n\000d\000\040\000h\000i\000s\000t\000o\000r\000i\000s\000c\000h\000e\000r\000\040\000H\000i\000n\000t\000e\000r\000g\000r\000u\000n\000d}{chapter.6}% 44
\BOOKMARK [1][-]{section.6.2}{\376\377\000A\000r\000c\000h\000i\000t\000e\000k\000t\000u\000r}{chapter.6}% 45
\BOOKMARK [1][-]{section.6.3}{\376\377\000A\000k\000t\000i\000v\000i\000e\000r\000u\000n\000g\000s\000f\000u\000n\000k\000t\000i\000o\000n\000e\000n}{chapter.6}% 46
\BOOKMARK [1][-]{section.6.4}{\376\377\000B\000a\000c\000k\000p\000r\000o\000p\000a\000g\000a\000t\000i\000o\000n\000\040\000u\000n\000d\000\040\000G\000r\000a\000d\000i\000e\000n\000t\000e\000n\000a\000b\000s\000t\000i\000e\000g}{chapter.6}% 47
\BOOKMARK [1][-]{section.6.5}{\376\377\000R\000e\000g\000u\000l\000a\000r\000i\000s\000i\000e\000r\000u\000n\000g\000:\000\040\000L\0002\000-\000B\000e\000s\000t\000r\000a\000f\000u\000n\000g}{chapter.6}% 48
\BOOKMARK [1][-]{section.6.6}{\376\377\000U\000n\000i\000v\000e\000r\000s\000e\000l\000l\000e\000\040\000A\000p\000p\000r\000o\000x\000i\000m\000a\000t\000i\000o\000n\000s\000e\000i\000g\000e\000n\000s\000c\000h\000a\000f\000t}{chapter.6}% 49
\BOOKMARK [1][-]{section.6.7}{\376\377\000A\000n\000t\000w\000o\000r\000t\000f\000l\000\344\000c\000h\000e}{chapter.6}% 50
\BOOKMARK [1][-]{section.6.8}{\376\377\000H\000y\000p\000e\000r\000p\000a\000r\000a\000m\000e\000t\000e\000r\000\040\000v\000o\000n\000\040\000M\000L\000P\000R\000e\000g\000r\000e\000s\000s\000o\000r}{chapter.6}% 51
\BOOKMARK [1][-]{section.6.9}{\376\377\000S\000t\000\344\000r\000k\000e\000n\000\040\000u\000n\000d\000\040\000S\000c\000h\000w\000\344\000c\000h\000e\000n\000\040\000v\000o\000n\000\040\000M\000L\000P}{chapter.6}% 52
\BOOKMARK [0][-]{chapter.7}{\376\377\000S\000V\000R\000\040\040\023\000\040\000S\000u\000p\000p\000o\000r\000t\000\040\000V\000e\000c\000t\000o\000r\000\040\000R\000e\000g\000r\000e\000s\000s\000i\000o\000n}{}% 53
\BOOKMARK [1][-]{section.7.1}{\376\377\000E\000i\000n\000f\000\374\000h\000r\000u\000n\000g\000\040\000u\000n\000d\000\040\000h\000i\000s\000t\000o\000r\000i\000s\000c\000h\000e\000r\000\040\000H\000i\000n\000t\000e\000r\000g\000r\000u\000n\000d}{chapter.7}% 54
\BOOKMARK [1][-]{section.7.2}{\376\377\000D\000a\000s\000\040\000-\000i\000n\000s\000e\000n\000s\000i\000t\000i\000v\000e\000\040\000V\000e\000r\000l\000u\000s\000t\000p\000r\000i\000n\000z\000i\000p}{chapter.7}% 55
\BOOKMARK [1][-]{section.7.3}{\376\377\000P\000r\000i\000m\000\344\000r\000e\000s\000\040\000O\000p\000t\000i\000m\000i\000e\000r\000u\000n\000g\000s\000p\000r\000o\000b\000l\000e\000m}{chapter.7}% 56
\BOOKMARK [1][-]{section.7.4}{\376\377\000D\000u\000a\000l\000e\000s\000\040\000P\000r\000o\000b\000l\000e\000m\000\040\000u\000n\000d\000\040\000K\000e\000r\000n\000e\000l\000-\000T\000r\000i\000c\000k}{chapter.7}% 57
\BOOKMARK [1][-]{section.7.5}{\376\377\000R\000B\000F\000-\000K\000e\000r\000n\000e\000l}{chapter.7}% 58
\BOOKMARK [1][-]{section.7.6}{\376\377\000A\000n\000t\000w\000o\000r\000t\000f\000l\000\344\000c\000h\000e}{chapter.7}% 59
\BOOKMARK [1][-]{section.7.7}{\376\377\000H\000y\000p\000e\000r\000p\000a\000r\000a\000m\000e\000t\000e\000r\000\040\000v\000o\000n\000\040\000S\000V\000R}{chapter.7}% 60
\BOOKMARK [1][-]{section.7.8}{\376\377\000S\000t\000\344\000r\000k\000e\000n\000\040\000u\000n\000d\000\040\000S\000c\000h\000w\000\344\000c\000h\000e\000n\000\040\000v\000o\000n\000\040\000S\000V\000R}{chapter.7}% 61
\BOOKMARK [0][-]{chapter.8}{\376\377\000G\000P\000R\000\040\040\023\000\040\000G\000a\000u\000s\000s\000i\000a\000n\000\040\000P\000r\000o\000c\000e\000s\000s\000\040\000R\000e\000g\000r\000e\000s\000s\000i\000o\000n}{}% 62
\BOOKMARK [1][-]{section.8.1}{\376\377\000E\000i\000n\000f\000\374\000h\000r\000u\000n\000g\000\040\000u\000n\000d\000\040\000h\000i\000s\000t\000o\000r\000i\000s\000c\000h\000e\000r\000\040\000H\000i\000n\000t\000e\000r\000g\000r\000u\000n\000d}{chapter.8}% 63
\BOOKMARK [1][-]{section.8.2}{\376\377\000G\000r\000u\000n\000d\000k\000o\000n\000z\000e\000p\000t\000:\000\040\000V\000e\000r\000t\000e\000i\000l\000u\000n\000g\000\040\000\374\000b\000e\000r\000\040\000F\000u\000n\000k\000t\000i\000o\000n\000e\000n}{chapter.8}% 64
\BOOKMARK [1][-]{section.8.3}{\376\377\000K\000o\000v\000a\000r\000i\000a\000n\000z\000f\000u\000n\000k\000t\000i\000o\000n\000e\000n\000\040\000\050\000K\000e\000r\000n\000e\000l\000\051}{chapter.8}% 65
\BOOKMARK [2][-]{subsection.8.3.1}{\376\377\000S\000q\000u\000a\000r\000e\000d\000\040\000E\000x\000p\000o\000n\000e\000n\000t\000i\000a\000l\000\040\000\050\000R\000B\000F\000\051\000\040\000K\000e\000r\000n\000e\000l}{section.8.3}% 66
\BOOKMARK [2][-]{subsection.8.3.2}{\376\377\000M\000a\000t\000\351\000r\000n\000-\000K\000e\000r\000n\000e\000l}{section.8.3}% 67
\BOOKMARK [2][-]{subsection.8.3.3}{\376\377\000R\000a\000u\000s\000c\000h\000t\000e\000r\000m}{section.8.3}% 68
\BOOKMARK [1][-]{section.8.4}{\376\377\000B\000a\000y\000e\000s\000'\000s\000c\000h\000e\000\040\000I\000n\000f\000e\000r\000e\000n\000z\000:\000\040\000P\000o\000s\000t\000e\000r\000i\000o\000r\000-\000V\000e\000r\000t\000e\000i\000l\000u\000n\000g}{chapter.8}% 69
\BOOKMARK [1][-]{section.8.5}{\376\377\000H\000y\000p\000e\000r\000p\000a\000r\000a\000m\000e\000t\000e\000r\000-\000O\000p\000t\000i\000m\000i\000e\000r\000u\000n\000g\000\040\000v\000i\000a\000\040\000M\000a\000r\000g\000i\000n\000a\000l\000\040\000L\000i\000k\000e\000l\000i\000h\000o\000o\000d}{chapter.8}% 70
\BOOKMARK [1][-]{section.8.6}{\376\377\000A\000n\000t\000w\000o\000r\000t\000f\000l\000\344\000c\000h\000e}{chapter.8}% 71
\BOOKMARK [1][-]{section.8.7}{\376\377\000H\000y\000p\000e\000r\000p\000a\000r\000a\000m\000e\000t\000e\000r\000\040\000v\000o\000n\000\040\000G\000a\000u\000s\000s\000i\000a\000n\000P\000r\000o\000c\000e\000s\000s\000R\000e\000g\000r\000e\000s\000s\000o\000r}{chapter.8}% 72
\BOOKMARK [1][-]{section.8.8}{\376\377\000S\000t\000\344\000r\000k\000e\000n\000\040\000u\000n\000d\000\040\000S\000c\000h\000w\000\344\000c\000h\000e\000n\000\040\000v\000o\000n\000\040\000G\000P\000R}{chapter.8}% 73
\BOOKMARK [0][-]{chapter.9}{\376\377\000L\000M\000N\000T\000o\000o\000l\000\040\000M\000u\000l\000t\000i\000\040\000G\000U\000I}{}% 74
\BOOKMARK [1][-]{section.9.1}{\376\377\000\334\000b\000e\000r\000b\000l\000i\000c\000k\000\040\000u\000n\000d\000\040\000A\000r\000c\000h\000i\000t\000e\000k\000t\000u\000r}{chapter.9}% 75
\BOOKMARK [1][-]{section.9.2}{\376\377\000D\000a\000t\000e\000n\000i\000m\000p\000o\000r\000t\000\040\000u\000n\000d\000\040\000V\000o\000r\000v\000e\000r\000a\000r\000b\000e\000i\000t\000u\000n\000g}{chapter.9}% 76
\BOOKMARK [1][-]{section.9.3}{\376\377\000M\000e\000t\000h\000o\000d\000e\000n\000-\000T\000a\000b\000s\000\040\000u\000n\000d\000\040\000P\000a\000r\000a\000m\000e\000t\000r\000i\000e\000r\000u\000n\000g}{chapter.9}% 77
\BOOKMARK [1][-]{section.9.4}{\376\377\000T\000r\000a\000i\000n\000i\000n\000g\000\040\000u\000n\000d\000\040\000B\000e\000w\000e\000r\000t\000u\000n\000g\000s\000l\000o\000g\000i\000k}{chapter.9}% 78
\BOOKMARK [1][-]{section.9.5}{\376\377\000V\000i\000s\000u\000a\000l\000i\000s\000i\000e\000r\000u\000n\000g\000e\000n}{chapter.9}% 79
\BOOKMARK [1][-]{section.9.6}{\376\377\000R\000e\000p\000o\000r\000t\000-\000\040\000u\000n\000d\000\040\000D\000a\000t\000e\000n\000e\000x\000p\000o\000r\000t}{chapter.9}% 80
\BOOKMARK [0][-]{chapter.10}{\376\377\000M\000e\000i\000n\000W\000i\000n\000d\000o\000w\000L\000M\000N\000T\000o\000o\000l}{}% 81
\BOOKMARK [1][-]{section.10.1}{\376\377\000\334\000b\000e\000r\000b\000l\000i\000c\000k\000\040\000u\000n\000d\000\040\000E\000i\000n\000o\000r\000d\000n\000u\000n\000g}{chapter.10}% 82
\BOOKMARK [1][-]{section.10.2}{\376\377\000P\000r\000o\000g\000r\000a\000m\000m\000a\000u\000f\000b\000a\000u\000\040\000u\000n\000d\000\040\000S\000t\000a\000r\000t\000v\000o\000r\000a\000u\000s\000s\000e\000t\000z\000u\000n\000g\000e\000n}{chapter.10}% 83
\BOOKMARK [1][-]{section.10.3}{\376\377\000D\000a\000t\000e\000n\000i\000m\000p\000o\000r\000t}{chapter.10}% 84
\BOOKMARK [1][-]{section.10.4}{\376\377\000M\000e\000t\000h\000o\000d\000e\000n\000-\000\040\000u\000n\000d\000\040\000P\000a\000r\000a\000m\000e\000t\000e\000r\000w\000a\000h\000l}{chapter.10}% 85
\BOOKMARK [1][-]{section.10.5}{\376\377\000T\000r\000a\000i\000n\000i\000n\000g}{chapter.10}% 86
\BOOKMARK [1][-]{section.10.6}{\376\377\000V\000i\000s\000u\000a\000l\000i\000s\000i\000e\000r\000u\000n\000g\000e\000n}{chapter.10}% 87
\BOOKMARK [1][-]{section.10.7}{\376\377\000E\000x\000p\000o\000r\000t\000\040\000u\000n\000d\000\040\000I\000n\000t\000e\000g\000r\000a\000t\000i\000o\000n}{chapter.10}% 88
\BOOKMARK [1][-]{section.10.8}{\376\377\000V\000e\000r\000g\000l\000e\000i\000c\000h\000\040\000m\000i\000t\000\040\000d\000e\000m\000\040\000P\000y\000t\000h\000o\000n\000\040\000L\000M\000N\000T\000o\000o\000l\000\040\000M\000u\000l\000t\000i\000\040\000G\000U\000I}{chapter.10}% 89
\BOOKMARK [0][-]{chapter.11}{\376\377\000V\000e\000r\000g\000l\000e\000i\000c\000h\000\040\000d\000e\000r\000\040\000M\000e\000t\000h\000o\000d\000e\000n}{}% 90
\BOOKMARK [1][-]{section.11.1}{\376\377\000M\000e\000t\000h\000o\000d\000e\000n\000\374\000b\000e\000r\000b\000l\000i\000c\000k}{chapter.11}% 91
\BOOKMARK [1][-]{section.11.2}{\376\377\000V\000e\000r\000g\000l\000e\000i\000c\000h\000\040\000d\000e\000r\000\040\000A\000n\000t\000w\000o\000r\000t\000f\000l\000\344\000c\000h\000e\000n}{chapter.11}% 92
\BOOKMARK [1][-]{section.11.3}{\376\377\000T\000a\000b\000e\000l\000l\000a\000r\000i\000s\000c\000h\000e\000r\000\040\000V\000e\000r\000g\000l\000e\000i\000c\000h}{chapter.11}% 93
\BOOKMARK [1][-]{section.11.4}{\376\377\000R\000e\000c\000h\000e\000n\000k\000o\000m\000p\000l\000e\000x\000i\000t\000\344\000t}{chapter.11}% 94
\BOOKMARK [1][-]{section.11.5}{\376\377\000A\000n\000w\000e\000n\000d\000u\000n\000g\000s\000e\000m\000p\000f\000e\000h\000l\000u\000n\000g\000e\000n}{chapter.11}% 95
\BOOKMARK [0][-]{chapter.12}{\376\377\000D\000i\000s\000k\000u\000s\000s\000i\000o\000n}{}% 96
\BOOKMARK [1][-]{section.12.1}{\376\377\000I\000n\000t\000e\000r\000p\000r\000e\000t\000a\000t\000i\000o\000n\000\040\000d\000e\000r\000\040\000E\000r\000g\000e\000b\000n\000i\000s\000s\000e}{chapter.12}% 97
\BOOKMARK [1][-]{section.12.2}{\376\377\000K\000r\000i\000t\000i\000s\000c\000h\000e\000\040\000B\000e\000t\000r\000a\000c\000h\000t\000u\000n\000g\000\040\000d\000e\000r\000\040\000H\000y\000p\000e\000r\000p\000a\000r\000a\000m\000e\000t\000e\000r\000w\000a\000h\000l}{chapter.12}% 98
\BOOKMARK [1][-]{section.12.3}{\376\377\000G\000e\000n\000e\000r\000a\000l\000i\000s\000i\000e\000r\000u\000n\000g\000s\000f\000\344\000h\000i\000g\000k\000e\000i\000t\000\040\000u\000n\000d\000\040\000E\000x\000t\000r\000a\000p\000o\000l\000a\000t\000i\000o\000n}{chapter.12}% 99
\BOOKMARK [1][-]{section.12.4}{\376\377\000G\000r\000e\000n\000z\000e\000n\000\040\000d\000e\000s\000\040\000V\000e\000r\000g\000l\000e\000i\000c\000h\000s}{chapter.12}% 100
\BOOKMARK [0][-]{chapter.13}{\376\377\000Z\000u\000s\000a\000m\000m\000e\000n\000f\000a\000s\000s\000u\000n\000g}{}% 101
\BOOKMARK [1][-]{section.13.1}{\376\377\000W\000i\000c\000h\000t\000i\000g\000s\000t\000e\000\040\000E\000r\000k\000e\000n\000n\000t\000n\000i\000s\000s\000e}{chapter.13}% 102
\BOOKMARK [1][-]{section.13.2}{\376\377\000P\000r\000a\000k\000t\000i\000s\000c\000h\000e\000\040\000H\000a\000n\000d\000l\000u\000n\000g\000s\000e\000m\000p\000f\000e\000h\000l\000u\000n\000g\000e\000n}{chapter.13}% 103
\BOOKMARK [1][-]{section.13.3}{\376\377\000A\000u\000s\000b\000l\000i\000c\000k}{chapter.13}% 104
